<?xml version="1.0" encoding="UTF-8"?>
<!-- Generated by org.testng.reporters.JUnitXMLReporter -->
<testsuite ignored="0" hostname="LAPTOP-S7EFOJ0I" failures="0" tests="4" name="Default test" time="25.895" errors="0" timestamp="2020-05-28T20:05:04 EDT">
  <testcase classname="com.test.sauceDemoTest" name="loginToSauceDemo" time="1.127"/>
  <testcase classname="com.test.sauceDemoTest" name="loginToSauceDemo" time="0.595"/>
  <testcase classname="com.test.sauceDemoTest" name="loginToSauceDemo" time="6.139"/>
  <testcase classname="com.test.sauceDemoTest" name="loginToSauceDemo" time="0.396"/>
</testsuite> <!-- Default test -->
