<?xml version="1.0" encoding="UTF-8"?>
<!-- Generated by org.testng.reporters.JUnitXMLReporter -->
<testsuite ignored="0" hostname="LAPTOP-S7EFOJ0I" failures="0" tests="4" name="Test" time="4.201" errors="0" timestamp="2020-05-28T21:19:22 EDT">
  <testcase classname="com.utils.BaseClass" name="@BeforeMethod setUp" time="4.113">
    <failure type="java.lang.Error" message="Unresolved compilation problem: 
	findBy cannot be resolved to a type
">
      <![CDATA[java.lang.Error: Unresolved compilation problem: 
findBy cannot be resolved to a type

at com.pages.sauceDemoLoginPage.<init>(sauceDemoLoginPage.java:23)
at com.utils.PageInitializer.initialize(PageInitializer.java:25)
at com.utils.BaseClass.setUp(BaseClass.java:40)
at java.base/java.util.ArrayList.forEach(ArrayList.java:1507)
... Removed 31 stack frames]]>
    </failure>
  </testcase> <!-- @BeforeMethod setUp -->
  <testcase classname="com.utils.BaseClass" name="@AfterMethod tearDown" time="-1.59071516291E9">
    <skipped/>
  </testcase> <!-- @AfterMethod tearDown -->
  <testcase classname="com.utils.BaseClass" name="@BeforeMethod setUp" time="-1.590715162912E9">
    <skipped/>
  </testcase> <!-- @BeforeMethod setUp -->
  <testcase classname="com.utils.BaseClass" name="@AfterMethod tearDown" time="-1.590715162917E9">
    <skipped/>
  </testcase> <!-- @AfterMethod tearDown -->
  <testcase classname="com.utils.BaseClass" name="@BeforeMethod setUp" time="-1.590715162918E9">
    <skipped/>
  </testcase> <!-- @BeforeMethod setUp -->
  <testcase classname="com.utils.BaseClass" name="@AfterMethod tearDown" time="-1.590715162923E9">
    <skipped/>
  </testcase> <!-- @AfterMethod tearDown -->
  <testcase classname="com.utils.BaseClass" name="@BeforeMethod setUp" time="-1.590715162924E9">
    <skipped/>
  </testcase> <!-- @BeforeMethod setUp -->
  <testcase classname="com.utils.BaseClass" name="@AfterMethod tearDown" time="-1.590715162927E9">
    <skipped/>
  </testcase> <!-- @AfterMethod tearDown -->
  <testcase classname="com.test.sauceDemoTest" name="loginToSauceDemo" time="0.0">
    <skipped/>
  </testcase> <!-- loginToSauceDemo -->
  <testcase classname="com.test.sauceDemoTest" name="loginToSauceDemo" time="0.0">
    <skipped/>
  </testcase> <!-- loginToSauceDemo -->
  <testcase classname="com.test.sauceDemoTest" name="loginToSauceDemo" time="0.0">
    <skipped/>
  </testcase> <!-- loginToSauceDemo -->
  <testcase classname="com.test.sauceDemoTest" name="loginToSauceDemo" time="0.0">
    <skipped/>
  </testcase> <!-- loginToSauceDemo -->
</testsuite> <!-- Test -->
