<?xml version="1.0" encoding="UTF-8"?>
<!-- Generated by org.testng.reporters.JUnitXMLReporter -->
<testsuite hostname="Elions-MacBook-Pro.local" ignored="0" name="Listener Test" tests="2" failures="1" timestamp="2020-05-27T22:00:56 EDT" time="0.049" errors="0">
  <testcase name="test1" time="0.012" classname="com.class04.ListenerDemo"/>
  <testcase name="test2" time="0.001" classname="com.class04.ListenerDemo">
    <failure type="java.lang.AssertionError" message="did not expect to find [true] but found [false]">
      <![CDATA[java.lang.AssertionError: did not expect to find [true] but found [false]
at com.class04.ListenerDemo.test2(ListenerDemo.java:17)
at java.util.ArrayList.forEach(ArrayList.java:1249)
... Removed 31 stack frames]]>
    </failure>
  </testcase> <!-- test2 -->
</testsuite> <!-- Listener Test -->
